Flutter crash report.
Please report a bug at https://github.com/flutter/flutter/issues.

## command

flutter debug_adapter

## exception

_Exception: Exception: lookupResolvedPackageUris result contained more results than the request. See https://github.com/dart-lang/sdk/issues/52632

```
```

## flutter doctor

```
[✓] Flutter (Channel stable, 3.19.1, on macOS 12.7.3 21H1015 darwin-x64, locale en-GB)
    • Flutter version 3.19.1 on channel stable at /Users/dpl/development/flutter
    • Upstream repository https://github.com/flutter/flutter.git
    • Framework revision abb292a07e (3 months ago), 2024-02-20 14:35:05 -0800
    • Engine revision 04817c99c9
    • Dart version 3.3.0
    • DevTools version 2.31.1

[✓] Android toolchain - develop for Android devices (Android SDK version 34.0.0)
    • Android SDK at /Users/dpl/Library/Android/sdk
    • Platform android-34, build-tools 34.0.0
    • Java binary at: /Applications/Android Studio.app/Contents/jbr/Contents/Home/bin/java
    • Java version OpenJDK Runtime Environment (build 17.0.7+0-17.0.7b1000.6-10550314)
    • All Android licenses accepted.

[✓] Xcode - develop for iOS and macOS (Xcode 14.2)
    • Xcode at /Applications/Xcode.app/Contents/Developer
    • Build 14C18
    • CocoaPods version 1.15.2

[✓] Chrome - develop for the web
    • Chrome at /Applications/Google Chrome.app/Contents/MacOS/Google Chrome

[✓] Android Studio (version 2023.1)
    • Android Studio at /Applications/Android Studio.app/Contents
    • Flutter plugin can be installed from:
      🔨 https://plugins.jetbrains.com/plugin/9212-flutter
    • Dart plugin can be installed from:
      🔨 https://plugins.jetbrains.com/plugin/6351-dart
    • Java version OpenJDK Runtime Environment (build 17.0.7+0-17.0.7b1000.6-10550314)

[✓] VS Code (version 1.88.1)
    • VS Code at /Applications/Visual Studio Code.app/Contents
    • Flutter extension version 3.88.0

[✓] Connected device (3 available)
    • iPhone 14 Pro (mobile) • 58FC7625-1CCE-4EBE-A7F2-E02657D6B2C4 • ios            • com.apple.CoreSimulator.SimRuntime.iOS-16-2 (simulator)
    • macOS (desktop)        • macos                                • darwin-x64     • macOS 12.7.3 21H1015 darwin-x64
    • Chrome (web)           • chrome                               • web-javascript • Google Chrome 124.0.6367.119

[✓] Network resources
    • All expected network resources are available.

• No issues found!
```
